[23:39:42] [Render thread/INFO] ========================================
[23:39:42] [Render thread/INFO] Minecraft: 1.21.5
[23:39:42] [Render thread/INFO] Side: client
[23:39:42] [Render thread/INFO] Development: false
[23:39:42] [Render thread/INFO] Version: 19.0.806
[23:39:42] [Render thread/INFO] Loader:
[23:39:42] [Render thread/INFO] - Fabric: 0.16.14
[23:39:42] [Render thread/INFO] - Fabric API: 0.126.0+1.21.5
[23:39:42] [Render thread/INFO] Dependencies:
[23:39:42] [Render thread/INFO] - Cloth Config: 18.0.145
[23:39:42] [Render thread/INFO] - Architectury: 16.1.4
[23:39:42] [Render thread/INFO] Mixin: 0.8.7
[23:39:42] [Render thread/INFO] OS: Windows 11 10.0 (amd64)
[23:39:42] [Render thread/INFO] Java: 21.0.7 (Azul Systems, Inc.)
[23:39:42] [Render thread/INFO] ========================================
[23:39:42] [Render thread/INFO] Mods:
[23:39:42] [Render thread/INFO] - additionalstructures: 5.1.2-fabric
[23:39:42] [Render thread/INFO] - admiral: 0.4.8+1.21.4
[23:39:42] [Render thread/INFO] - advancements_reloaded: 0.9.0
[23:39:42] [Render thread/INFO] - ambientsounds: 6.1.9
[23:39:42] [Render thread/INFO] - appleskin: 3.0.6+mc1.21.5
[23:39:42] [Render thread/INFO] - architectury: 16.1.4
[23:39:42] [Render thread/INFO] - audioplayer: 1.21.5-1.13.2
[23:39:42] [Render thread/INFO] - balm: 21.5.17
[23:39:42] [Render thread/INFO] - bettercapes: 1.3
[23:39:42] [Render thread/INFO] - betterf3: 14.0.0
[23:39:42] [Render thread/INFO] - bettergrass: 1.6.1+fabric.1.21.5
[23:39:42] [Render thread/INFO] - bettermounthud: 1.2.5
[23:39:42] [Render thread/INFO] - betterthirdperson: 1.9.0
[23:39:42] [Render thread/INFO] - bigshot: 12.0.1
[23:39:42] [Render thread/INFO] - biomesoplenty: 21.4.0.61
[23:39:42] [Render thread/INFO] - blue_endless_jankson: 1.2.3
[23:39:42] [Render thread/INFO] - boatiview: 0.0.6
[23:39:42] [Render thread/INFO] - capes: 1.5.5+1.21.5
[23:39:42] [Render thread/INFO] - cardinal-components: 6.3.1
[23:39:42] [Render thread/INFO] - cardinal-components-base: 6.3.1
[23:39:42] [Render thread/INFO] - cardinal-components-block: 6.3.1
[23:39:42] [Render thread/INFO] - cardinal-components-chunk: 6.3.1
[23:39:42] [Render thread/INFO] - cardinal-components-entity: 6.3.1
[23:39:42] [Render thread/INFO] - cardinal-components-item: 6.3.1
[23:39:42] [Render thread/INFO] - cardinal-components-level: 6.3.1
[23:39:42] [Render thread/INFO] - cardinal-components-scoreboard: 6.3.1
[23:39:42] [Render thread/INFO] - cardinal-components-world: 6.3.1
[23:39:42] [Render thread/INFO] - cavedust: 3.0.1
[23:39:42] [Render thread/INFO] - chat_heads: 0.13.18
[23:39:42] [Render thread/INFO] - chatanimation: 1.0.6
[23:39:42] [Render thread/INFO] - chatnotify: 2.4.6+1.21.5
[23:39:42] [Render thread/INFO] - chunksfadein: 2.0.7-1.21.5
[23:39:42] [Render thread/INFO] - chunky: 1.4.36
[23:39:42] [Render thread/INFO] - cicada: 0.13.0+1.21.5-and-above
[23:39:42] [Render thread/INFO] - cloth-basic-math: 0.6.1
[23:39:42] [Render thread/INFO] - cloth-config: 18.0.145
[23:39:42] [Render thread/INFO] - cloth-config: 18.0.145
[23:39:42] [Render thread/INFO] - clumps: 23.0.0.1
[23:39:42] [Render thread/INFO] - collective: 8.3
[23:39:42] [Render thread/INFO] - com_akuleshov7_ktoml-core-jvm: 0.5.2
[23:39:42] [Render thread/INFO] - com_electronwill_night-config_core: 3.8.1
[23:39:42] [Render thread/INFO] - com_electronwill_night-config_toml: 3.8.1
[23:39:42] [Render thread/INFO] - com_github_erosb_everit-json-schema: 1.14.4
[23:39:42] [Render thread/INFO] - com_ibm_async_asyncutil: 0.1.0
[23:39:42] [Render thread/INFO] - com_moandjiezana_toml_toml4j: 0.7.2
[23:39:42] [Render thread/INFO] - com_posthog_java_posthog: 1.2.0
[23:39:42] [Render thread/INFO] - com_teamresourceful_bytecodecs: 1.1.3
[23:39:42] [Render thread/INFO] - com_teamresourceful_yabn: 1.0.3
[23:39:42] [Render thread/INFO] - com_twelvemonkeys_common_common-image: 3.12.0
[23:39:42] [Render thread/INFO] - com_twelvemonkeys_common_common-io: 3.12.0
[23:39:42] [Render thread/INFO] - com_twelvemonkeys_common_common-lang: 3.12.0
[23:39:42] [Render thread/INFO] - com_twelvemonkeys_imageio_imageio-core: 3.12.0
[23:39:42] [Render thread/INFO] - com_twelvemonkeys_imageio_imageio-metadata: 3.12.0
[23:39:42] [Render thread/INFO] - com_twelvemonkeys_imageio_imageio-webp: 3.12.0
[23:39:42] [Render thread/INFO] - com_velocitypowered_velocity-native: 3.4.0-SNAPSHOT
[23:39:42] [Render thread/INFO] - conditional-mixin: 0.6.3
[23:39:42] [Render thread/INFO] - continuity: 3.0.1-test.4+1.21.5
[23:39:42] [Render thread/INFO] - controlify: 2.1.1+1.21.5-fabric
[23:39:42] [Render thread/INFO] - controlling: 23.0.2
[23:39:42] [Render thread/INFO] - creativecore: 2.13.2
[23:39:42] [Render thread/INFO] - cubes-without-borders: 3.0.0+mc1.21.5
[23:39:42] [Render thread/INFO] - cutthrough: 21.5.0
[23:39:42] [Render thread/INFO] - debugify: 1.21.5+1.0
[23:39:42] [Render thread/INFO] - dev_isxander_libsdl4j: 3.1.9.075c033-66
[23:39:42] [Render thread/INFO] - dev_isxander_steamdeck4j: 1.1.7
[23:39:42] [Render thread/INFO] - dynamic_fps: 3.9.4
[23:39:42] [Render thread/INFO] - dynamiccrosshair: 9.4
[23:39:42] [Render thread/INFO] - dynamiccrosshair-api: 1.1
[23:39:42] [Render thread/INFO] - emotecraft: 2.6.1
[23:39:42] [Render thread/INFO] - endless_music: v1.2.0+1.21.4
[23:39:42] [Render thread/INFO] - entity_model_features: 2.4.3
[23:39:42] [Render thread/INFO] - entity_texture_features: 6.2.13
[23:39:42] [Render thread/INFO] - entityculling: 1.7.4
[23:39:42] [Render thread/INFO] - error_notifier: 1.0.11
[23:39:42] [Render thread/INFO] - explorify: 1.6.2
[23:39:42] [Render thread/INFO] - fabric-api: 0.126.0+1.21.5
[23:39:42] [Render thread/INFO] - fabric-api: 0.126.0+1.21.5
[23:39:42] [Render thread/INFO] - fabric-api-base: 0.4.62+73a52b4b07
[23:39:42] [Render thread/INFO] - fabric-api-lookup-api-v1: 1.6.96+86c3a9f149
[23:39:42] [Render thread/INFO] - fabric-biome-api-v1: 16.0.7+2dd063df49
[23:39:42] [Render thread/INFO] - fabric-block-api-v1: 1.1.0+ed91556f49
[23:39:42] [Render thread/INFO] - fabric-block-view-api-v2: 1.0.26+aa6d566c49
[23:39:42] [Render thread/INFO] - fabric-blockrenderlayer-v1: 2.0.16+86c3a9f149
[23:39:42] [Render thread/INFO] - fabric-client-tags-api-v1: 1.1.37+86c3a9f149
[23:39:42] [Render thread/INFO] - fabric-command-api-v1: 1.2.70+f71b366f49
[23:39:42] [Render thread/INFO] - fabric-command-api-v2: 2.2.49+73a52b4b07
[23:39:42] [Render thread/INFO] - fabric-commands-v0: 0.2.87+df3654b349
[23:39:42] [Render thread/INFO] - fabric-content-registries-v0: 10.0.14+3e6c1f7d49
[23:39:42] [Render thread/INFO] - fabric-convention-tags-v1: 2.1.32+7f945d5b49
[23:39:42] [Render thread/INFO] - fabric-convention-tags-v2: 2.15.1+0570995b49
[23:39:42] [Render thread/INFO] - fabric-crash-report-info-v1: 0.3.12+86c3a9f149
[23:39:42] [Render thread/INFO] - fabric-data-attachment-api-v1: 1.8.3+bc514c4549
[23:39:42] [Render thread/INFO] - fabric-data-generation-api-v1: 22.4.2+ea72995749
[23:39:42] [Render thread/INFO] - fabric-dimensions-v1: 4.0.17+3e6c1f7d49
[23:39:42] [Render thread/INFO] - fabric-entity-events-v1: 2.1.0+3ce7866349
[23:39:42] [Render thread/INFO] - fabric-events-interaction-v0: 4.0.15+64e3057949
[23:39:42] [Render thread/INFO] - fabric-game-rule-api-v1: 1.0.70+c327076a49
[23:39:42] [Render thread/INFO] - fabric-item-api-v1: 11.4.1+e46fd76a49
[23:39:42] [Render thread/INFO] - fabric-item-group-api-v1: 4.2.9+3459fc6149
[23:39:42] [Render thread/INFO] - fabric-key-binding-api-v1: 1.0.63+ecf51cdcb2
[23:39:42] [Render thread/INFO] - fabric-keybindings-v0: 0.2.61+df3654b349
[23:39:42] [Render thread/INFO] - fabric-language-kotlin: 1.13.3+kotlin.2.1.21
[23:39:42] [Render thread/INFO] - fabric-lifecycle-events-v1: 2.6.0+230071a049
[23:39:42] [Render thread/INFO] - fabric-loot-api-v2: 3.0.48+3f89f5a549
[23:39:42] [Render thread/INFO] - fabric-loot-api-v3: 1.0.36+86c3a9f149
[23:39:42] [Render thread/INFO] - fabric-message-api-v1: 6.1.0+fe971bba49
[23:39:42] [Render thread/INFO] - fabric-model-loading-api-v1: 5.2.1+5281b90749
[23:39:42] [Render thread/INFO] - fabric-networking-api-v1: 4.5.0+775be32c49
[23:39:42] [Render thread/INFO] - fabric-object-builder-api-v1: 21.1.1+b8d6ba7049
[23:39:42] [Render thread/INFO] - fabric-particles-v1: 4.1.2+112e550e49
[23:39:42] [Render thread/INFO] - fabric-permissions-api-v0: 0.3.3
[23:39:42] [Render thread/INFO] - fabric-recipe-api-v1: 8.1.8+3235ab3249
[23:39:42] [Render thread/INFO] - fabric-registry-sync-v0: 6.1.21+b556383249
[23:39:42] [Render thread/INFO] - fabric-renderer-api-v1: 6.1.0+5281b90749
[23:39:42] [Render thread/INFO] - fabric-renderer-indigo: 3.1.0+5281b90749
[23:39:42] [Render thread/INFO] - fabric-rendering-data-attachment-v1: 0.3.64+73761d2e49
[23:39:42] [Render thread/INFO] - fabric-rendering-fluids-v1: 3.1.27+86c3a9f149
[23:39:42] [Render thread/INFO] - fabric-rendering-v1: 11.1.11+5490746649
[23:39:42] [Render thread/INFO] - fabric-resource-conditions-api-v1: 5.0.21+73a52b4b49
[23:39:42] [Render thread/INFO] - fabric-resource-loader-v0: 3.1.7+847e5f5c49
[23:39:42] [Render thread/INFO] - fabric-screen-api-v1: 2.0.46+86c3a9f149
[23:39:42] [Render thread/INFO] - fabric-screen-handler-api-v1: 1.3.128+c327076a49
[23:39:42] [Render thread/INFO] - fabric-sound-api-v1: 1.0.38+86c3a9f149
[23:39:42] [Render thread/INFO] - fabric-tag-api-v1: 1.0.17+ecf51cdc49
[23:39:42] [Render thread/INFO] - fabric-transfer-api-v1: 5.4.24+7b20cbb049
[23:39:42] [Render thread/INFO] - fabric-transitive-access-wideners-v1: 6.3.17+f17a180c49
[23:39:42] [Render thread/INFO] - fabricloader: 0.16.14
[23:39:42] [Render thread/INFO] - fadeless: 2.0.3
[23:39:42] [Render thread/INFO] - fastquit: 3.0.0+1.21.4
[23:39:42] [Render thread/INFO] - ferritecore: 8.0.0
[23:39:42] [Render thread/INFO] - forgeconfigapiport: 21.5.1
[23:39:42] [Render thread/INFO] - fzzy_config: 0.7.0+1.21.5
[23:39:42] [Render thread/INFO] - glitchcore: 2.5.0.1
[23:39:42] [Render thread/INFO] - grieflogger: 1.2.5-1.21.5
[23:39:42] [Render thread/INFO] - held-item-info: 1.7.2
[23:39:42] [Render thread/INFO] - hidepickleakinh3: 1.0.0
[23:39:42] [Render thread/INFO] - highlight: 3.5.0
[23:39:42] [Render thread/INFO] - immediatelyfast: 1.9.5+1.21.5
[23:39:42] [Render thread/INFO] - incendium: 5.4.6
[23:39:42] [Render thread/INFO] - inventoryprofilesnext: 2.1.9
[23:39:42] [Render thread/INFO] - inventorysorter: 2.0.8
[23:39:42] [Render thread/INFO] - invmove: 0.9.0
[23:39:42] [Render thread/INFO] - io_github_douira_glsl-transformer: 2.0.1
[23:39:42] [Render thread/INFO] - iris: 1.8.11+mc1.21.5
[23:39:42] [Render thread/INFO] - isxander-main-menu-credits: 1.2.0
[23:39:42] [Render thread/INFO] - jade: 18.2.0+fabric
[23:39:42] [Render thread/INFO] - jamlib: 1.3.5+1.21.5
[23:39:42] [Render thread/INFO] - jankson: 10.0.0+j1.2.3
[23:39:42] [Render thread/INFO] - java: 21
[23:39:42] [Render thread/INFO] - kirin: 1.20.5+1.21.5
[23:39:42] [Render thread/INFO] - krypton: 0.2.9
[23:39:42] [Render thread/INFO] - kuma_api: 21.5.2
[23:39:42] [Render thread/INFO] - lambdynlights: 4.2.7+1.21.5
[23:39:42] [Render thread/INFO] - lambdynlights_api: 4.2.7+1.21.5
[23:39:42] [Render thread/INFO] - languagereload: 1.7.3+1.21.5
[23:39:42] [Render thread/INFO] - libbamboo: 2.9
[23:39:42] [Render thread/INFO] - libgui: 13.0.0+1.21.5
[23:39:42] [Render thread/INFO] - libipn: 6.5.0
[23:39:42] [Render thread/INFO] - libninepatch: 1.2.0
[23:39:42] [Render thread/INFO] - litematica: 0.22.1
[23:39:42] [Render thread/INFO] - lithium: 0.16.2+mc1.21.5
[23:39:42] [Render thread/INFO] - malilib: 0.24.1
[23:39:42] [Render thread/INFO] - meza_core: 1.0.27
[23:39:42] [Render thread/INFO] - midnightlib: 1.7.3
[23:39:42] [Render thread/INFO] - minecraft: 1.21.5
[23:39:42] [Render thread/INFO] - mixinextras: 0.5.0-rc.1
[23:39:42] [Render thread/INFO] - mixinsquared: 0.2.0
[23:39:42] [Render thread/INFO] - mixintrace: 1.1.1+1.17
[23:39:42] [Render thread/INFO] - modelfix: 1.21.5-1.12
[23:39:42] [Render thread/INFO] - modernnetworking: 1.2.0
[23:39:42] [Render thread/INFO] - modmenu: 14.0.0-rc.2
[23:39:42] [Render thread/INFO] - morechathistory: 1.3.1
[23:39:42] [Render thread/INFO] - moreculling: 1.3.1
[23:39:42] [Render thread/INFO] - mousetweaks: 2.27
[23:39:42] [Render thread/INFO] - mr_lukis_grandcapitals: 1.1.1
[23:39:42] [Render thread/INFO] - mr_sleep: 1-v.4.0.4
[23:39:42] [Render thread/INFO] - mr_typewriter_daycounter: 1.0
[23:39:42] [Render thread/INFO] - mru: 1.0.17+1.21.5+fabric
[23:39:42] [Render thread/INFO] - my-totem-doll: 2.1.7+1.21.5
[23:39:42] [Render thread/INFO] - net_jodah_typetools: 0.6.3
[23:39:42] [Render thread/INFO] - net_lenni0451_reflect: 1.3.4
[23:39:42] [Render thread/INFO] - net_lostluma_battery: 1.3.0
[23:39:42] [Render thread/INFO] - net_neoforged_bus: 7.2.0
[23:39:42] [Render thread/INFO] - net_objecthunter_exp4j: 0.4.8
[23:39:42] [Render thread/INFO] - net_peanuuutz_tomlkt_tomlkt-jvm: 0.3.7
[23:39:42] [Render thread/INFO] - net_raphimc_noteblocklib: 3.1.0-SNAPSHOT
[23:39:42] [Render thread/INFO] - netherportalfix: 21.5.1
[23:39:42] [Render thread/INFO] - nochatreports: 1.21.5-v2.12.0
[23:39:42] [Render thread/INFO] - noisium: 2.6.0+mc1.21.5
[23:39:42] [Render thread/INFO] - notenoughanimations: 1.9.3
[23:39:42] [Render thread/INFO] - optigui: 2.3.0-beta.7+1.21.5
[23:39:42] [Render thread/INFO] - org_anarres_jcpp: 1.4.14
[23:39:42] [Render thread/INFO] - org_antlr_antlr4-runtime: 4.13.1
[23:39:42] [Render thread/INFO] - org_apache_commons_commons-text: 1.12.0
[23:39:42] [Render thread/INFO] - org_apache_httpcomponents_httpmime: 4.5.10
[23:39:42] [Render thread/INFO] - org_commonmark_commonmark: 0.21.0
[23:39:42] [Render thread/INFO] - org_hid4java_hid4java: 0.8.0
[23:39:42] [Render thread/INFO] - org_ini4j_ini4j: 0.5.4
[23:39:42] [Render thread/INFO] - org_jetbrains_kotlin_kotlin-reflect: 2.1.21
[23:39:42] [Render thread/INFO] - org_jetbrains_kotlin_kotlin-stdlib: 2.1.21
[23:39:42] [Render thread/INFO] - org_jetbrains_kotlin_kotlin-stdlib-jdk7: 2.1.21
[23:39:42] [Render thread/INFO] - org_jetbrains_kotlin_kotlin-stdlib-jdk8: 2.1.21
[23:39:42] [Render thread/INFO] - org_jetbrains_kotlinx_atomicfu-jvm: 0.27.0
[23:39:42] [Render thread/INFO] - org_jetbrains_kotlinx_kotlinx-coroutines-core-jvm: 1.10.2
[23:39:42] [Render thread/INFO] - org_jetbrains_kotlinx_kotlinx-coroutines-jdk8: 1.10.2
[23:39:42] [Render thread/INFO] - org_jetbrains_kotlinx_kotlinx-datetime-jvm: 0.6.2
[23:39:42] [Render thread/INFO] - org_jetbrains_kotlinx_kotlinx-io-bytestring-jvm: 0.7.0
[23:39:42] [Render thread/INFO] - org_jetbrains_kotlinx_kotlinx-io-core-jvm: 0.7.0
[23:39:42] [Render thread/INFO] - org_jetbrains_kotlinx_kotlinx-serialization-cbor-jvm: 1.8.1
[23:39:42] [Render thread/INFO] - org_jetbrains_kotlinx_kotlinx-serialization-core-jvm: 1.8.1
[23:39:42] [Render thread/INFO] - org_jetbrains_kotlinx_kotlinx-serialization-json-jvm: 1.8.1
[23:39:42] [Render thread/INFO] - org_json_json: 20231013
[23:39:42] [Render thread/INFO] - org_mineskin_java-client: 3.0.1-SNAPSHOT
[23:39:42] [Render thread/INFO] - org_quiltmc_parsers_gson: 0.2.1
[23:39:42] [Render thread/INFO] - org_quiltmc_parsers_json: 0.2.1
[23:39:42] [Render thread/INFO] - org_yaml_snakeyaml: 2.2
[23:39:42] [Render thread/INFO] - packet_tweaker: 0.6.0-pre.1+1.21.2-pre3
[23:39:42] [Render thread/INFO] - packetfixer: 2.1.2
[23:39:42] [Render thread/INFO] - paginatedadvancements: 2.7.0+1.21.5
[23:39:42] [Render thread/INFO] - particlerain: 3.3.5
[23:39:42] [Render thread/INFO] - placeholder-api: 2.6.1+1.21.5
[23:39:42] [Render thread/INFO] - player-data-api: 0.7.0+1.21.5
[23:39:42] [Render thread/INFO] - playeranimator: 2.0.3.1+1.21.5
[23:39:42] [Render thread/INFO] - polymer-registry-sync-manipulator: 0.12.1+1.21.5-rc2
[23:39:42] [Render thread/INFO] - polytone: 1.21.5-3.4.2
[23:39:42] [Render thread/INFO] - predicate-api: 0.6.0+1.21.2
[23:39:42] [Render thread/INFO] - presencefootsteps: 1.11.0+1.21.5
[23:39:42] [Render thread/INFO] - pride: 1.3.0+1.21.5
[23:39:42] [Render thread/INFO] - puzzle: 2.1.0
[23:39:42] [Render thread/INFO] - puzzleslib: 21.5.12
[23:39:42] [Render thread/INFO] - reeses-sodium-options: 1.8.3+mc1.21.4
[23:39:42] [Render thread/INFO] - resourcefullib: 3.5.0
[23:39:42] [Render thread/INFO] - resourcify: 1.7.2
[23:39:42] [Render thread/INFO] - rightclickharvest: 4.5.3+1.21.5
[23:39:42] [Render thread/INFO] - roughlyenoughitems: 19.0.806
[23:39:42] [Render thread/INFO] - rrls: 5.1.6+mc1.21.5-fabric
[23:39:42] [Render thread/INFO] - searchables: 1.0.2
[23:39:42] [Render thread/INFO] - server_translations_api: 2.5.0+1.21.5-rc1
[23:39:42] [Render thread/INFO] - settlement-roads: 2.0.1
[23:39:42] [Render thread/INFO] - shulkerboxtooltip: 5.2.6+1.21.5
[23:39:42] [Render thread/INFO] - skinlayers3d: 1.7.5
[23:39:42] [Render thread/INFO] - skinrestorer: 2.3.3+1.21.5-fabric
[23:39:42] [Render thread/INFO] - smoothgui: 0.1.1
[23:39:42] [Render thread/INFO] - sodium: 0.6.13+mc1.21.5
[23:39:42] [Render thread/INFO] - sodium-extra: 0.6.3+mc1.21.5
[23:39:42] [Render thread/INFO] - sound_physics_remastered: 1.21.5-1.4.12
[23:39:42] [Render thread/INFO] - sounds: 2.4.11+1.21.5+fabric
[23:39:42] [Render thread/INFO] - spark: 1.10.138
[23:39:42] [Render thread/INFO] - spruceui: 7.0.0+1.21.5
[23:39:42] [Render thread/INFO] - stack-to-nearby-chests: 0.5.13
[23:39:42] [Render thread/INFO] - styled-nicknames: 1.8.0+1.21.5
[23:39:42] [Render thread/INFO] - styledchat: 2.8.0+1.21.5
[23:39:42] [Render thread/INFO] - styledplayerlist: 3.7.0+1.21.5
[23:39:42] [Render thread/INFO] - subtle_effects: 1.11.0
[23:39:42] [Render thread/INFO] - supermartijn642configlib: 1.1.8
[23:39:42] [Render thread/INFO] - talk_balloons: 1.2.1
[23:39:42] [Render thread/INFO] - terrablender: 5.0.0.1
[23:39:42] [Render thread/INFO] - terralith: 2.5.9
[23:39:42] [Render thread/INFO] - toomanypaintings: 24.11.29-1.21.3-fabric
[23:39:42] [Render thread/INFO] - uilib: 1.0.2-1.21.5
[23:39:42] [Render thread/INFO] - vcinteraction: 1.21.5-1.0.8
[23:39:42] [Render thread/INFO] - visuality: 0.7.10+1.21.5
[23:39:42] [Render thread/INFO] - vmp: 0.2.0+beta.7.198+1.21.5
[23:39:42] [Render thread/INFO] - voicechat: 1.21.5-2.5.30
[23:39:42] [Render thread/INFO] - waveycapes: 1.5.2
[23:39:42] [Render thread/INFO] - xaerominimap: 25.2.6
[23:39:42] [Render thread/INFO] - xaeroworldmap: 1.39.10
[23:39:42] [Render thread/INFO] - yamlconfig: 1.1-1.21.5
[23:39:42] [Render thread/INFO] - yawp: 0.5.3-beta2
[23:39:42] [Render thread/INFO] - yet_another_config_lib_v3: 3.6.6+1.21.5-fabric
[23:39:42] [Render thread/INFO] - yosbr: 0.1.2
[23:39:42] [Render thread/INFO] - yumi-commons-collections: 1.0.0-alpha.12
[23:39:42] [Render thread/INFO] - yumi-commons-core: 1.0.0-alpha.12
[23:39:42] [Render thread/INFO] - yumi-commons-event: 1.0.0-alpha.12
[23:39:42] [Render thread/INFO] - zoomify: 2.14.2+1.21.3
[23:39:42] [Render thread/INFO] ========================================
[23:39:42] [Render thread/DEBUG] [REI] Added filtering rule [roughlyenoughitems:search]: INSTANCE
[23:39:42] [Render thread/DEBUG] [REI] Added filtering rule [roughlyenoughitems:manual]: INSTANCE
[23:39:42] [Render thread/DEBUG] [REI] Added filtering rule [roughlyenoughitems:basic]: INSTANCE
[23:39:42] [Render thread/INFO] [REI] Config loaded
[23:39:42] [Render thread/DEBUG] [REI] Config saved
[23:39:42] [Render thread/DEBUG] [REI] Config saved
[23:39:42] [Render thread/DEBUG] [REI] Config saved
[23:39:42] [Render thread/INFO] [REI] Registered plugin provider DefaultPlugin [roughlyenoughitems] for REICommonPlugin
[23:39:42] [Render thread/INFO] [REI] Registered plugin provider DefaultRuntimePlugin [roughlyenoughitems] for REICommonPlugin
[23:39:42] [Render thread/DEBUG] [REI] Added filtering rule [roughlyenoughitems:hidden_from_recipe_viewers]: INSTANCE
[23:39:42] [Render thread/INFO] [REI] Registered plugin provider FabricFluidAPISupportPlugin for REICommonPlugin
[23:39:47] [Render thread/INFO] [REI] Registered plugin provider REITooltipPlugin [appleskin] for REIClientPlugin
[23:39:47] [Render thread/INFO] [REI] Registered plugin provider DefaultClientPlugin [roughlyenoughitems] for REIClientPlugin
[23:39:47] [Render thread/INFO] [REI] Registered plugin provider DefaultClientRuntimePlugin [roughlyenoughitems] for REIClientPlugin
[23:39:47] [Render thread/INFO] [REI] Registered plugin provider HideIngredientsFromTagsPlugin [roughlyenoughitems] for REIClientPlugin
[23:39:47] [Render thread/INFO] [REI] Registered plugin provider ReiClientPluginImpl [stack-to-nearby-chests] for REIClientPlugin
[23:40:13] [Render thread/DEBUG] [REI] Player quit, clearing reload tasks!
[23:40:13] [Render thread/DEBUG] [REI] Did not fulfill the request of termination of REI reload tasks because there are no uninterrupted running tasks. This is not an error.
